<?xml version="1.0" encoding="UTF-8"?>
<!-- Generated by org.testng.reporters.JUnitReportReporter -->
<testsuite hostname="DESKTOP-QV2KGQ4" failures="0" tests="1" name="testCase.TC001_AccountRegistrationTest" time="3.990" errors="0" timestamp="2024-09-23T21:43:40 IST" skipped="0">
  <testcase classname="testCase.TC001_AccountRegistrationTest" name="verify_Account_Registration" time="3.990"/>
</testsuite> <!-- testCase.TC001_AccountRegistrationTest -->
