<?xml version="1.0" encoding="UTF-8"?>
<!-- Generated by org.testng.reporters.JUnitReportReporter -->
<testsuite hostname="DESKTOP-QV2KGQ4" failures="0" tests="1" name="practice.verifyDropDowns" time="9.326" errors="0" timestamp="2024-10-06T10:00:59 IST" skipped="0">
  <testcase classname="practice.verifyDropDowns" name="verify" time="9.326"/>
</testsuite> <!-- practice.verifyDropDowns -->
