<?xml version="1.0" encoding="UTF-8"?>
<!-- Generated by org.testng.reporters.JUnitReportReporter -->
<testsuite hostname="DESKTOP-QV2KGQ4" failures="0" tests="1" name="practice.KeyBoardActions" time="1.810" errors="0" timestamp="2024-10-06T13:09:42 IST" skipped="0">
  <testcase classname="practice.KeyBoardActions" name="login" time="1.810"/>
</testsuite> <!-- practice.KeyBoardActions -->
