<?xml version="1.0" encoding="UTF-8"?>
<!-- Generated by org.testng.reporters.JUnitReportReporter -->
<testsuite hostname="DESKTOP-QV2KGQ4" failures="0" tests="1" name="practice.ActionClass3" time="0.705" errors="0" timestamp="2024-10-05T22:28:34 IST" skipped="0">
  <testcase classname="practice.ActionClass3" name="verify" time="0.705"/>
</testsuite> <!-- practice.ActionClass3 -->
