<?xml version="1.0" encoding="UTF-8"?>
<!-- Generated by org.testng.reporters.JUnitReportReporter -->
<testsuite hostname="DESKTOP-QV2KGQ4" failures="0" tests="1" name="practice.KeyBoardAction" time="6.032" errors="0" timestamp="2024-10-07T15:41:52 IST" skipped="0">
  <testcase classname="practice.KeyBoardAction" name="verify" time="6.032"/>
</testsuite> <!-- practice.KeyBoardAction -->
