<?xml version="1.0" encoding="UTF-8"?>
<!-- Generated by org.testng.reporters.JUnitReportReporter -->
<testsuite hostname="DESKTOP-QV2KGQ4" failures="0" tests="1" name="practice.ActionClass1" time="1.099" errors="0" timestamp="2024-10-05T22:05:27 IST" skipped="0">
  <testcase classname="practice.ActionClass1" name="verify" time="1.099"/>
</testsuite> <!-- practice.ActionClass1 -->
