<?xml version="1.0" encoding="UTF-8"?>
<!-- Generated by org.testng.reporters.JUnitReportReporter -->
<testsuite hostname="DESKTOP-QV2KGQ4" failures="0" tests="1" name="practice.ActionClasses" time="0.731" errors="0" timestamp="2024-10-05T19:16:57 IST" skipped="0">
  <testcase classname="practice.ActionClasses" name="verify" time="0.731"/>
</testsuite> <!-- practice.ActionClasses -->
