<?xml version="1.0" encoding="UTF-8"?>
<!-- Generated by org.testng.reporters.JUnitReportReporter -->
<testsuite hostname="DESKTOP-QV2KGQ4" failures="0" tests="1" name="practice.ActionClass2" time="0.350" errors="0" timestamp="2024-10-05T22:14:14 IST" skipped="0">
  <testcase classname="practice.ActionClass2" name="verify" time="0.350"/>
</testsuite> <!-- practice.ActionClass2 -->
