<?xml version="1.0" encoding="UTF-8"?>
<!-- Generated by org.testng.reporters.JUnitReportReporter -->
<testsuite hostname="DESKTOP-QV2KGQ4" failures="0" tests="1" name="testCase.TC002_LoginTest" time="2.596" errors="0" timestamp="2024-09-23T21:43:40 IST" skipped="0">
  <testcase classname="testCase.TC002_LoginTest" name="verifyLogin" time="2.596"/>
</testsuite> <!-- testCase.TC002_LoginTest -->
