<?xml version="1.0" encoding="UTF-8"?>
<!-- Generated by org.testng.reporters.JUnitReportReporter -->
<testsuite hostname="DESKTOP-QV2KGQ4" failures="0" tests="1" name="practice.switchToNewWindow" time="25.683" errors="0" timestamp="2024-10-06T20:14:46 IST" skipped="0">
  <testcase classname="practice.switchToNewWindow" name="operation" time="25.683"/>
</testsuite> <!-- practice.switchToNewWindow -->
