<?xml version="1.0" encoding="UTF-8"?>
<!-- Generated by org.testng.reporters.JUnitReportReporter -->
<testsuite hostname="DESKTOP-QV2KGQ4" failures="0" tests="1" name="practice.webTable" time="1.338" errors="0" timestamp="2024-10-04T22:20:30 IST" skipped="0">
  <testcase classname="practice.webTable" name="countRowTest" time="1.338"/>
</testsuite> <!-- practice.webTable -->
