<?xml version="1.0" encoding="UTF-8"?>
<!-- Generated by org.testng.reporters.JUnitReportReporter -->
<testsuite hostname="DESKTOP-QV2KGQ4" failures="0" tests="1" name="practice.openLinkTextNewTab" time="34.502" errors="0" timestamp="2024-10-06T19:38:16 IST" skipped="0">
  <testcase classname="practice.openLinkTextNewTab" name="operation" time="34.502"/>
</testsuite> <!-- practice.openLinkTextNewTab -->
