<?xml version="1.0" encoding="UTF-8"?>
<!-- Generated by org.testng.reporters.JUnitReportReporter -->
<testsuite hostname="DESKTOP-QV2KGQ4" failures="0" tests="1" name="practice.ActionClass4" time="5.217" errors="0" timestamp="2024-10-05T22:42:37 IST" skipped="0">
  <testcase classname="practice.ActionClass4" name="verify" time="5.217"/>
</testsuite> <!-- practice.ActionClass4 -->
